<?xml version="1.0" encoding="UTF-8"?>
<testsuite xmlns:xsi="http://www.w3.org/2001/XMLSchema-instance" xsi:noNamespaceSchemaLocation="https://maven.apache.org/surefire/maven-surefire-plugin/xsd/surefire-test-report.xsd" version="3.0.2" name="com.codingshuttle.razorpay.razorpay.RazorpayApplicationTests" time="5.983" tests="1" errors="0" skipped="0" failures="0" flakes="0">
  <properties>
[...]
</properties>
  <testcase name="contextLoads" classname="com.codingshuttle.razorpay.razorpay.RazorpayApplicationTests" time="0.353">
    <system-out><![CDATA[10:27:21.122 [main] INFO org.springframework.test.context.support.AnnotationConfigContextLoaderUtils -- Could not detect default configuration classes for test class [com.codingshuttle.razorpay.razorpay.RazorpayApplicationTests]: RazorpayApplicationTests does not declare any static, non-private, non-final, nested classes annotated with @Configuration.
10:27:21.266 [main] INFO org.springframework.boot.test.context.SpringBootTestContextBootstrapper -- Found @SpringBootConfiguration com.codingshuttle.razorpay.razorpay.RazorpayApplication for test class com.codingshuttle.razorpay.razorpay.RazorpayApplicationTests
10:27:21.351 [main] INFO org.springframework.test.context.support.AnnotationConfigContextLoaderUtils -- Could not detect default configuration classes for test class [com.codingshuttle.razorpay.razorpay.RazorpayApplicationTests]: RazorpayApplicationTests does not declare any static, non-private, non-final, nested classes annotated with @Configuration.
10:27:21.355 [main] INFO org.springframework.boot.test.context.SpringBootTestContextBootstrapper -- Found @SpringBootConfiguration com.codingshuttle.razorpay.razorpay.RazorpayApplication for test class com.codingshuttle.razorpay.razorpay.RazorpayApplicationTests

  .   ____          _            __ _ _
 /\\ / ___'_ __ _ _(_)_ __  __ _ \ \ \ \
( ( )\___ | '_ | '_| | '_ \/ _` | \ \ \ \
 \\/  ___)| |_)| | | | | || (_| |  ) ) ) )
  '  |____| .__|_| |_|_| |_\__, | / / / /
 =========|_|==============|___/=/_/_/_/

 :: Spring Boot ::                (v4.0.6)

2026-06-23T10:27:21.762+05:30  INFO 38268 --- [razorpay] [           main] c.c.r.razorpay.RazorpayApplicationTests  : Starting RazorpayApplicationTests using Java 26.0.1 with PID 38268 (started by DoniparthiBhuvanChan in C:\Users\doniparthibhuvan_cha\Documents\razorpay\razorpay)
2026-06-23T10:27:21.767+05:30  INFO 38268 --- [razorpay] [           main] c.c.r.razorpay.RazorpayApplicationTests  : No active profile set, falling back to 1 default profile: "default"
2026-06-23T10:27:22.607+05:30  INFO 38268 --- [razorpay] [           main] .s.d.r.c.RepositoryConfigurationDelegate : Bootstrapping Spring Data JPA repositories in DEFAULT mode.
2026-06-23T10:27:22.708+05:30  INFO 38268 --- [razorpay] [           main] .s.d.r.c.RepositoryConfigurationDelegate : Finished Spring Data repository scanning in 94 ms. Found 5 JPA repository interfaces.
2026-06-23T10:27:23.125+05:30  INFO 38268 --- [razorpay] [           main] org.hibernate.orm.jpa                    : HHH008540: Processing PersistenceUnitInfo [name: default]
2026-06-23T10:27:23.193+05:30  INFO 38268 --- [razorpay] [           main] org.hibernate.orm.core                   : HHH000001: Hibernate ORM core version 7.2.12.Final
2026-06-23T10:27:23.718+05:30  INFO 38268 --- [razorpay] [           main] o.s.o.j.p.SpringPersistenceUnitInfo      : No LoadTimeWeaver setup: ignoring JPA class transformer
2026-06-23T10:27:23.758+05:30  INFO 38268 --- [razorpay] [           main] com.zaxxer.hikari.HikariDataSource       : HikariPool-1 - Starting...
2026-06-23T10:27:24.005+05:30  INFO 38268 --- [razorpay] [           main] com.zaxxer.hikari.pool.HikariPool        : HikariPool-1 - Added connection org.postgresql.jdbc.PgConnection@7ccf6114
2026-06-23T10:27:24.006+05:30  INFO 38268 --- [razorpay] [           main] com.zaxxer.hikari.HikariDataSource       : HikariPool-1 - Start completed.
2026-06-23T10:27:24.042+05:30  WARN 38268 --- [razorpay] [           main] org.hibernate.orm.deprecation            : HHH90000025: PostgreSQLDialect does not need to be specified explicitly using 'hibernate.dialect' (remove the property setting and it will be selected by default)
2026-06-23T10:27:24.063+05:30  INFO 38268 --- [razorpay] [           main] org.hibernate.orm.connections.pooling    : HHH10001005: Database info:
	Database JDBC URL [jdbc:postgresql://localhost:5432/razorpayDB]
	Database driver: PostgreSQL JDBC Driver
	Database dialect: PostgreSQLDialect
	Database version: 17.0
	Default catalog/schema: razorpayDB/public
	Autocommit mode: undefined/unknown
	Isolation level: READ_COMMITTED [default READ_COMMITTED]
	JDBC fetch size: none
	Pool: DataSourceConnectionProvider
	Minimum pool size: undefined/unknown
	Maximum pool size: undefined/unknown
2026-06-23T10:27:24.610+05:30  WARN 38268 --- [razorpay] [           main] org.hibernate.orm.core                   : HHH000038: Composite id class does not override equals(): com.codingshuttle.razorpay.razorpay.operations.entity.SettlemetPaymentId
2026-06-23T10:27:25.336+05:30  INFO 38268 --- [razorpay] [           main] org.hibernate.orm.core                   : HHH000489: No JTA platform available (set 'hibernate.transaction.jta.platform' to enable JTA platform integration)
Hibernate: set client_min_messages = WARNING
Hibernate: alter table if exists api_key drop constraint if exists FKe8e15uritb2pto9w7hepoxqor
Hibernate: alter table if exists app_user drop constraint if exists FKjksmfgh6vcrbc0fow9oecdamf
Hibernate: alter table if exists card_token drop constraint if exists FKfcuhwnqaybadjnid0pigv3n0g
Hibernate: alter table if exists customer drop constraint if exists FKegoqw2qeun0mllg61gt5jdd6h
Hibernate: alter table if exists dlq_event drop constraint if exists FKqv72xi3tag231hjexxkni4q6a
Hibernate: alter table if exists merchant_webhook_config drop constraint if exists FKt4q07s1ff5ifr43s1u9vmfb5f
Hibernate: alter table if exists payment drop constraint if exists FK8av61emvf2ledklfusj1m5ei4
Hibernate: alter table if exists payment_transition_log drop constraint if exists FKi15m2a3cnw0l7p1jfc1pvx15a
Hibernate: alter table if exists refund drop constraint if exists FKeoh1147brjy6m009cswl5lty4
Hibernate: alter table if exists settlement_payment drop constraint if exists FK11x8ihxqap99rjvw65eitmmd
Hibernate: drop table if exists api_key cascade
Hibernate: drop table if exists app_user cascade
Hibernate: drop table if exists card_token cascade
Hibernate: drop table if exists customer cascade
Hibernate: drop table if exists dlq_event cascade
Hibernate: drop table if exists merchant cascade
Hibernate: drop table if exists merchant_webhook_config cascade
Hibernate: drop table if exists order_records cascade
Hibernate: drop table if exists payment cascade
Hibernate: drop table if exists payment_transition_log cascade
Hibernate: drop table if exists refund cascade
Hibernate: drop table if exists settlement cascade
Hibernate: drop table if exists settlement_payment cascade
Hibernate: drop table if exists vault_card cascade
Hibernate: drop table if exists webhook_event cascade
Hibernate: create table api_key (enabled boolean not null, grace_period_expires_at timestamp(6), last_used_at timestamp(6), rotated_at timestamp(6), id uuid not null, merchant_id uuid not null, environment varchar(20) not null check ((environment in ('LIVE','TEST'))), key_id varchar(50) not null unique, key_secret_hash varchar(200) not null, previous_key_secret_hash varchar(200), primary key (id))
Hibernate: create table app_user (id uuid not null, merchant_id uuid, email varchar(255) not null unique, password_hash varchar(255) not null, role varchar(255) not null check ((role in ('OWNER','ADMIN','TEAM'))), primary key (id))
Hibernate: create table card_token (revoked_at timestamp(6), customer uuid not null, id uuid not null, merchant uuid not null, vault_card_id uuid not null, token varchar(50) not null unique, primary key (id))
Hibernate: create table customer (deleted_at timestamp(6), id uuid not null, merchant_id uuid not null, contact_number varchar(20), email varchar(200), name varchar(200), primary key (id))
Hibernate: create table dlq_event (moved_at timestamp(6), replayed_at timestamp(6), id uuid not null, merchant_id uuid not null, webhook_event_id uuid unique, final_error varchar(1000), payload jsonb not null, primary key (id))
Hibernate: create table merchant (status smallint not null check ((status between 0 and 2)), id uuid not null, contact_number varchar(20), gst_id varchar(20), pan_id varchar(20), settlement_bank_ifsc varchar(20), business_type varchar(50) check ((business_type in ('LLP','PROPRIETORSHIP','PARTNERSHIP','PRIVATE_LIMITED','PUBLIC_LIMITED','TRUST'))), business_name varchar(100), settlement_bank_account_holder_name varchar(100), name varchar(200) not null, settlement_bank_account varchar(200), website_url varchar(200), email varchar(255) not null unique, primary key (id))
Hibernate: create table merchant_webhook_config (enabled boolean not null, id uuid not null, merchant_id uuid not null, target_url varchar(500) not null, event_types varchar(255), webhook_secret_hash varchar(255), primary key (id))
Hibernate: create table order_records (amount_units integer, attempts integer not null, expires_at timestamp(6), id uuid not null, merchant_id uuid not null, order_status varchar(20) not null check ((order_status in ('CREATED','ATTEMPTED','PAID','CANCELLED'))), receipt varchar(100), currency varchar(255), notes jsonb, primary key (id))
Hibernate: create table payment (amount_units integer, authorized_at timestamp(6), captured_at timestamp(6), failed_at timestamp(6), refunded_at timestamp(6), settled_at timestamp(6), id uuid not null, merchant_id uuid not null, order_id uuid not null, bank_reference varchar(100), error_code varchar(100), idempotency_key varchar(100) not null, currency varchar(255), error_description varchar(255), payment_method varchar(255) check ((payment_method in ('CARD','NETBANKING','UPI','WALLET'))), status varchar(255) not null check ((status in ('CREATED','AUTHORIZING','AUTHORIZED','CAPTURING','CAPTURED','FAILED','CANCELLED','REFUND','PARTIALLY_REFUNDED','SETTLED','AUTH_EXPIRED'))), method_details jsonb, primary key (id))
Hibernate: create table payment_transition_log (occurred_at timestamp(6) not null, id uuid not null, payment_id uuid not null, to_status varchar(30) not null check ((to_status in ('CREATED','AUTHORIZING','AUTHORIZED','CAPTURING','CAPTURED','FAILED','CANCELLED','REFUND','PARTIALLY_REFUNDED','SETTLED','AUTH_EXPIRED'))), actor varchar(100) not null check ((actor in ('CUSTOMER','MERCHANT','SYSTEM'))), event varchar(255) not null check ((event in ('AUTHORIZING_ATTEMPT','AUTHORIZE_SUCCESS','AUTHORIZE_FAIL','CAPTURE_ATTEMPT','CAPTURE_REQUEST','CAPTURE_FAIL','CAPTURE_SUCCESS','REFUND_INIT','REFUND_COMPLETED','SETTLE','CANCEL','CAPTURE_TIMEOUT'))), from_status varchar(255) not null check ((from_status in ('CREATED','AUTHORIZING','AUTHORIZED','CAPTURING','CAPTURED','FAILED','CANCELLED','REFUND','PARTIALLY_REFUNDED','SETTLED','AUTH_EXPIRED'))), primary key (id))
Hibernate: create table refund (amount_units integer, processed_at timestamp(6), id uuid not null, merchant_id uuid not null, payment_id uuid not null, bank_reference varchar(100), error_code varchar(100), error_description varchar(500), currency varchar(255), status varchar(255) check ((status in ('PENDING','PROCESSING','PROCESSED','FAILED'))), notes jsonb, primary key (id))
Hibernate: create table settlement (fee_amount_units integer not null, gross_amount_units integer not null, gst_amount_units integer not null, net_amount_units integer not null, refund_amount_units integer not null, processed_at timestamp(6), id uuid not null, merchant_id uuid not null, status varchar(20) not null check ((status in ('INITIATED','PROCESSED','FAILED'))), bank_reference varchar(50) not null, fee_amount_currency varchar(255) not null, gross_amount_currency varchar(255) not null, gst_amount_currency varchar(255) not null, net_amount_currency varchar(255) not null, refund_amount_currency varchar(255) not null, primary key (id))
Hibernate: create table settlement_payment (payment_id uuid not null, settlement_id uuid not null, primary key (payment_id, settlement_id))
Hibernate: create table vault_card (last_four varchar(4) not null, bin varchar(6) not null, deleted_at timestamp(6), id uuid not null, brand varchar(255) not null, card_holder_name varchar(255) not null, expiry_month varchar(255) not null, expiry_year varchar(255) not null, encrypted_dek bytea not null, encrypted_pan bytea not null, primary key (id))
Hibernate: create table webhook_event (attempts integer not null, lase_response_code integer, delivered_at timestamp(6), last_attempt_at timestamp(6), next_retry_at timestamp(6), id uuid not null, merchant_id uuid not null, event_type varchar(100) not null, last_response_body varchar(1000), signature varchar(255) not null, status varchar(255) not null check ((status in ('PENDING','DELIVERED','FAILED','DEAD'))), target_url varchar(255) not null, payload jsonb, primary key (id))
Hibernate: create index idx_api_key_merchant_env on api_key (merchant_id, environment, enabled)
Hibernate: create index idx_app_user_merchant_id on app_user (merchant_id)
Hibernate: create index idx_coustomer_merchant_id on customer (merchant_id)
Hibernate: create index idx_customer_email on customer (email)
Hibernate: create index idx_merchant_status on merchant (status)
Hibernate: create index idx_webhook_merchant_id on merchant_webhook_config (merchant_id, enabled)
Hibernate: create index idx_order_id_merchant_id on order_records (id, merchant_id)
Hibernate: create index idx_order_merchant_id on order_records (merchant_id)
Hibernate: create index idx_payment_order_id on payment (order_id)
Hibernate: create index idx_payment_merchant_id on payment (merchant_id)
Hibernate: create index idx_payment_transition_log_payment_id on payment_transition_log (payment_id)
Hibernate: alter table if exists api_key add constraint FKe8e15uritb2pto9w7hepoxqor foreign key (merchant_id) references merchant
Hibernate: alter table if exists app_user add constraint FKjksmfgh6vcrbc0fow9oecdamf foreign key (merchant_id) references merchant
Hibernate: alter table if exists card_token add constraint FKfcuhwnqaybadjnid0pigv3n0g foreign key (vault_card_id) references vault_card
Hibernate: alter table if exists customer add constraint FKegoqw2qeun0mllg61gt5jdd6h foreign key (merchant_id) references merchant
Hibernate: alter table if exists dlq_event add constraint FKqv72xi3tag231hjexxkni4q6a foreign key (webhook_event_id) references webhook_event
Hibernate: alter table if exists merchant_webhook_config add constraint FKt4q07s1ff5ifr43s1u9vmfb5f foreign key (merchant_id) references merchant
Hibernate: alter table if exists payment add constraint FK8av61emvf2ledklfusj1m5ei4 foreign key (order_id) references order_records
Hibernate: alter table if exists payment_transition_log add constraint FKi15m2a3cnw0l7p1jfc1pvx15a foreign key (payment_id) references payment
Hibernate: alter table if exists refund add constraint FKeoh1147brjy6m009cswl5lty4 foreign key (payment_id) references payment
Hibernate: alter table if exists settlement_payment add constraint FK11x8ihxqap99rjvw65eitmmd foreign key (settlement_id) references settlement
2026-06-23T10:27:25.564+05:30  INFO 38268 --- [razorpay] [           main] j.LocalContainerEntityManagerFactoryBean : Initialized JPA EntityManagerFactory for persistence unit 'default'
2026-06-23T10:27:25.662+05:30  INFO 38268 --- [razorpay] [           main] o.s.d.j.r.query.QueryEnhancerFactories   : Hibernate is in classpath; If applicable, HQL parser will be used.
2026-06-23T10:27:26.085+05:30  WARN 38268 --- [razorpay] [           main] JpaBaseConfiguration$JpaWebConfiguration : spring.jpa.open-in-view is enabled by default. Therefore, database queries may be performed during view rendering. Explicitly configure spring.jpa.open-in-view to disable this warning
2026-06-23T10:27:26.545+05:30  INFO 38268 --- [razorpay] [           main] c.c.r.razorpay.RazorpayApplicationTests  : Started RazorpayApplicationTests in 5.127 seconds (process running for 6.318)
]]></system-out>
    <system-err><![CDATA[Mockito is currently self-attaching to enable the inline-mock-maker. This will no longer work in future releases of the JDK. Please add Mockito as an agent to your build as described in Mockito's documentation: https://javadoc.io/doc/org.mockito/mockito-core/latest/org.mockito/org/mockito/Mockito.html#0.3
WARNING: A Java agent has been loaded dynamically (C:\Users\doniparthibhuvan_cha\.m2\repository\net\bytebuddy\byte-buddy-agent\1.17.8\byte-buddy-agent-1.17.8.jar)
WARNING: If a serviceability tool is in use, please run with -XX:+EnableDynamicAgentLoading to hide this warning
WARNING: If a serviceability tool is not in use, please run with -Djdk.instrument.traceUsage for more information
WARNING: Dynamic loading of agents will be disallowed by default in a future release
]]></system-err>
  </testcase>
</testsuite>